<?xml version="1.0"?>

<PropertyList>
 <generic>
  <output>
   <binary_mode>true</binary_mode>
    <byte_order>host</byte_order>

   <chunk>
    <name>Aileron</name>
    <type>double</type>
    <node>/controls/flight/aileron</node>
   </chunk>
 
   <chunk>
    <name>Elevator</name>
    <type>double</type>
    <node>/controls/flight/elevator</node>
   </chunk>

   <chunk>
    <name>Rudder</name>
    <type>double</type>
    <node>/controls/flight/rudder</node>
   </chunk>

   <chunk>
    <name>Mixture</name>
    <type>double</type>
    <node>/controls/engines/engine/mixture</node>
   </chunk>

   <chunk>
    <name>Throttle</name>
    <type>double</type>
    <node>/controls/engines/engine/throttle</node>
   </chunk>

   <chunk>
    <name>Magnetos</name>
    <type>int</type>
    <node>/controls/engines/engine/magnetos</node>
   </chunk>
  </output>
 </generic>
</PropertyList>
